124984
124992
124990
124999
124990
124990
124984
125009
125020
124985
124973
124989
124984
124986
124972
125006
124968
124974
124987
125012
124992
124975
125004
124995
124986
125014
124984
124994
124969
124992
124991
124985
125004
124977
124972
124990
125005
124988
124987
124995
124990
124987
124960
125003
124957
124984
125003
124985
124967
124978
124999
124986
124980
124984
124982
124997
124971
124970
125002
125004
124985
124966
124998
124988
124982
124999
124993
125012
124997
125004
124977
124976
124981
124998
124991
124968
124987
124968
124987
124979
125002
124976
124988
124966
124968
124992
124982
125004
124977
124977
124986
124994
124980
124984
124984
124991
124986
124991
124980
124998
